<?xml version="1.0" encoding="utf-8"?><testsuites name="pytest tests"><testsuite name="pytest" errors="0" failures="0" skipped="0" tests="18" time="0.317" timestamp="2026-09-14T02:13:26.286721+05:00" hostname="DESKTOP-2SETRU9"><testcase classname="tests.test_regression" name="test_01_health_status_code" time="0.012" /><testcase classname="tests.test_regression" name="test_02_health_content_type" time="0.003" /><testcase classname="tests.test_regression" name="test_03_health_body_schema" time="0.005" /><testcase classname="tests.test_regression" name="test_04_health_response_time" time="0.005" /><testcase classname="tests.test_regression" name="test_05_list_users_status_and_type" time="0.004" /><testcase classname="tests.test_regression" name="test_06_list_users_schema_each_row" time="0.006" /><testcase classname="tests.test_regression" name="test_07_list_users_filter_by_status" time="0.003" /><testcase classname="tests.test_regression" name="test_08_get_user_positive" time="0.003" /><testcase classname="tests.test_regression" name="test_09_get_user_not_found" time="0.007" /><testcase classname="tests.test_regression" name="test_10_get_user_invalid_id_format" time="0.003" /><testcase classname="tests.test_regression" name="test_11_create_user_positive" time="0.026" /><testcase classname="tests.test_regression" name="test_12_create_user_missing_name" time="0.004" /><testcase classname="tests.test_regression" name="test_13_create_user_invalid_email" time="0.003" /><testcase classname="tests.test_regression" name="test_14_create_user_duplicate_email" time="0.019" /><testcase classname="tests.test_regression" name="test_15_update_user_positive" time="0.026" /><testcase classname="tests.test_regression" name="test_16_update_user_not_found" time="0.005" /><testcase classname="tests.test_regression" name="test_17_delete_method_not_allowed" time="0.005" /><testcase classname="tests.test_regression" name="test_18_integration_create_then_get" time="0.017" /></testsuite></testsuites>